#
# A fatal error has been detected by the Java Runtime Environment:
#
#  SIGBUS (0xa) at pc=0x00007fff20485a1c, pid=852, tid=23043
#
# JRE version: OpenJDK Runtime Environment (11.0.12) (build 11.0.12+0-b1504.28-7817840)
# Java VM: OpenJDK 64-Bit Server VM (11.0.12+0-b1504.28-7817840, mixed mode, tiered, compressed oops, g1 gc, bsd-amd64)
# Problematic frame:
# C  [libsystem_platform.dylib+0x1a1c]  _platform_strchr$VARIANT$Haswell+0x1c
#
# No core dump will be written. Core dumps have been disabled. To enable core dumping, try "ulimit -c unlimited" before starting Java again
#
# If you would like to submit a bug report, please visit:
#   https://bugreport.java.com/bugreport/crash.jsp
#

---------------  S U M M A R Y ------------

Command Line: 

Host: MacBookPro14,1 x86_64 1800 MHz, 8 cores, 12G, Darwin 20.6.0
Time: Mon May 30 23:48:45 2022 EEST elapsed time: 0.450639 seconds (0d 0h 0m 0s)

---------------  T H R E A D  ---------------

Current thread (0x00007fd72f013000):  JavaThread "C1 CompilerThread0" daemon [_thread_in_vm, id=23043, stack(0x000070000e2c7000,0x000070000e3c7000)]


Current CompileTask:
C1:    450    1       3       java.lang.StringLatin1::hashCode (42 bytes)

Stack: [0x000070000e2c7000,0x000070000e3c7000],  sp=0x000070000e3c5f50,  free space=1019k
Native frames: (J=compiled Java code, A=aot compiled Java code, j=interpreted, Vv=VM code, C=native code)
C  [libsystem_platform.dylib+0x1a1c]  _platform_strchr$VARIANT$Haswell+0x1c
V  [libjvm.dylib+0x637c4a]  outputStream::do_vsnprintf(char*, unsigned long, char const*, __va_list_tag*, bool, unsigned long&)+0x34
V  [libjvm.dylib+0x637e5a]  outputStream::do_vsnprintf_and_write(char const*, __va_list_tag*, bool)+0x60
V  [libjvm.dylib+0x637f08]  outputStream::print(char const*, ...)+0x7e
V  [libjvm.dylib+0x250a3e]  CompileTask::print_impl(outputStream*, Method*, int, int, bool, int, bool, char const*, bool, bool, long, long)+0x6c
V  [libjvm.dylib+0x250988]  CompileTask::print(outputStream*, char const*, bool, bool)+0x68
V  [libjvm.dylib+0x24d33f]  CompilationLog::log_compile(JavaThread*, CompileTask*)+0x65
V  [libjvm.dylib+0x24c3b6]  CompileBroker::invoke_compiler_on_method(CompileTask*)+0xe8
V  [libjvm.dylib+0x24c197]  CompileBroker::compiler_thread_loop()+0x1fb
V  [libjvm.dylib+0x786829]  JavaThread::thread_main_inner()+0x89
V  [libjvm.dylib+0x786672]  JavaThread::run()+0x180
V  [libjvm.dylib+0x7845ca]  Thread::call_run()+0x68
V  [libjvm.dylib+0x62eff1]  thread_native_entry(Thread*)+0x12d
C  [libsystem_pthread.dylib+0x68fc]  _pthread_start+0xe0
C  [libsystem_pthread.dylib+0x2443]  thread_start+0xf


siginfo: si_signo: 10 (SIGBUS), si_code: 2 (BUS_ADRERR), si_addr: 0x000000010b567e60

Register to memory mapping:

RAX=0x0 is NULL
RBX=0x00000000000007d0 is an unknown value
RCX=0x000000000000000a is an unknown value
RDX=0x000000010b567e6a: __cxx_global_var_init.5+0x9e43 in /Applications/Android Studio.app/Contents/jre/Contents/Home/lib/server/libjvm.dylib at 0x000000010ad67000
RSP=0x000070000e3c5f50 is pointing into the stack for thread: 0x00007fd72f013000
RBP=0x000070000e3c5f50 is pointing into the stack for thread: 0x00007fd72f013000
RSI=0x0000000000000025 is an unknown value
RDI=0x000000010b567e60: __cxx_global_var_init.5+0x9e39 in /Applications/Android Studio.app/Contents/jre/Contents/Home/lib/server/libjvm.dylib at 0x000000010ad67000
R8 =0x0 is NULL
R9 =0x000070000e3c5fa8 is pointing into the stack for thread: 0x00007fd72f013000
R10=0x0 is NULL
R11=0x000000010b72a420: _ZN9VMRegImpl6stack0E+0 in /Applications/Android Studio.app/Contents/jre/Contents/Home/lib/server/libjvm.dylib at 0x000000010ad67000
R12=0x000070000e3c5fb0 is pointing into the stack for thread: 0x00007fd72f013000
R13=0x000000010b567e6a: __cxx_global_var_init.5+0x9e43 in /Applications/Android Studio.app/Contents/jre/Contents/Home/lib/server/libjvm.dylib at 0x000000010ad67000
R14=0x000070000e3c6860 is pointing into the stack for thread: 0x00007fd72f013000
R15=0x000070000e3c5fa8 is pointing into the stack for thread: 0x00007fd72f013000


Registers:
RAX=0x0000000000000000, RBX=0x00000000000007d0, RCX=0x000000000000000a, RDX=0x000000010b567e6a
RSP=0x000070000e3c5f50, RBP=0x000070000e3c5f50, RSI=0x0000000000000025, RDI=0x000000010b567e60
R8 =0x0000000000000000, R9 =0x000070000e3c5fa8, R10=0x0000000000000000, R11=0x000000010b72a420
R12=0x000070000e3c5fb0, R13=0x000000010b567e6a, R14=0x000070000e3c6860, R15=0x000070000e3c5fa8
RIP=0x00007fff20485a1c, EFLAGS=0x0000000000010206, ERR=0x0000000000000004
  TRAPNO=0x000000000000000e

Top of Stack: (sp=0x000070000e3c5f50)
0x000070000e3c5f50:   000070000e3c5f90 000000010b39ec4a
0x000070000e3c5f60:   0000000000000000 000070000e3c6960
0x000070000e3c5f70:   0000000000000000 000070000e3c6960
0x000070000e3c5f80:   000070000e3c5fa8 000000012c3f3be8
0x000070000e3c5f90:   000070000e3c67a0 000000010b39ee5a
0x000070000e3c5fa0:   00000078152e42c9 00007fd72de0d210
0x000070000e3c5fb0:   000000010b6e4260 0000000000000004
0x000070000e3c5fc0:   0000000000000000 ffffffffffffffff
0x000070000e3c5fd0:   000070000e3c6090 000000010aea7ec7
0x000070000e3c5fe0:   000070000e3c6058 ffffffff00000000
0x000070000e3c5ff0:   ffffffffffffffff 00000078ffffffff
0x000070000e3c6000:   0000000000000000 000000010b6e4260
0x000070000e3c6010:   0000000000000000 6dc84666ac49002d
0x000070000e3c6020:   00007fd72de0d210 0000000000000001
0x000070000e3c6030:   0000000000000004 ffffffffffffffff
0x000070000e3c6040:   ffffffffffffffff 00000078ffffffff
0x000070000e3c6050:   000070000e3c60a0 00007fff20353099
0x000070000e3c6060:   000070000e3c61a0 6dc84666ac49002d
0x000070000e3c6070:   0000000000000000 0000000000000000
0x000070000e3c6080:   0000000000000022 0000000000000000
0x000070000e3c6090:   0000000000000022 000000010b5ba470
0x000070000e3c60a0:   000070000e3c6430 00007fff2035d152
0x000070000e3c60b0:   ffffffffffffffff 00000078ffffffff
0x000070000e3c60c0:   0000000000000000 0000000000000000
0x000070000e3c60d0:   0000000000000000 6dc84666ac49002d
0x000070000e3c60e0:   00007fd72de0d210 0000000000000001
0x000070000e3c60f0:   0000000000000000 0000000000000004
0x000070000e3c6100:   000070000e3c6538 0000000000000001
0x000070000e3c6110:   00007fff2039bb39 0000000000000000
0x000070000e3c6120:   0000000000000001 0000000000000000
0x000070000e3c6130:   000000010b5ba46c 00000078ffffffff
0x000070000e3c6140:   0000000000000022 0000000000000004 

Instructions: (pc=0x00007fff20485a1c)
0x00007fff2048591c:   48 83 c2 40 73 e3 31 c0 c5 f8 77 5d c3 c5 fd d7
0x00007fff2048592c:   f1 48 c1 e0 20 48 09 f0 f3 48 0f bc c0 48 01 d7
0x00007fff2048593c:   48 01 c2 0f 82 20 ff ff ff 48 01 f8 c5 f8 77 5d
0x00007fff2048594c:   c3 48 8d 05 6c fe ff ff 48 8d 15 45 ff ff ff 48
0x00007fff2048595c:   b9 20 00 e0 ff ff 7f 00 00 8b 09 81 e1 00 00 00
0x00007fff2048596c:   60 81 f9 00 00 00 60 48 0f 44 c2 c3 90 90 90 90
0x00007fff2048597c:   90 90 90 90 55 48 89 e5 66 48 0f 6e c6 66 0f ef
0x00007fff2048598c:   c9 66 0f 38 00 c1 48 89 f9 48 83 e7 f0 83 e1 0f
0x00007fff2048599c:   66 0f 6f 17 66 0f 74 ca 66 0f 74 d0 66 0f eb d1
0x00007fff204859ac:   66 0f d7 c2 d3 e8 85 c0 74 0a 48 01 cf e9 22 00
0x00007fff204859bc:   00 00 66 90 48 83 c7 10 66 0f ef c9 66 0f 6f 17
0x00007fff204859cc:   66 0f 74 ca 66 0f 74 d0 66 0f eb d1 66 0f d7 c2
0x00007fff204859dc:   85 c0 74 e0 0f bc c0 48 01 f8 31 d2 40 3a 30 48
0x00007fff204859ec:   0f 45 c2 5d c3 66 2e 0f 1f 84 00 00 00 00 00 0f
0x00007fff204859fc:   1f 44 00 00 55 48 89 e5 c4 e1 f9 6e c6 c4 e2 7d
0x00007fff20485a0c:   78 c0 c5 f5 ef c9 48 89 f9 48 83 e7 e0 83 e1 1f
0x00007fff20485a1c:   c5 fd 6f 17 c5 fd 74 da c5 f5 74 d2 c5 e5 eb d2
0x00007fff20485a2c:   c5 fd d7 c2 c4 e2 f3 f7 c0 f3 0f bc c0 72 05 48
0x00007fff20485a3c:   01 cf eb 1e 48 83 c7 20 c5 fd 6f 17 c5 fd 74 da
0x00007fff20485a4c:   c5 f5 74 d2 c5 e5 eb d2 c5 fd d7 c2 f3 0f bc c0
0x00007fff20485a5c:   72 e2 48 01 f8 31 d2 40 3a 30 48 0f 45 c2 c5 f8
0x00007fff20485a6c:   77 5d c3 48 8d 05 0a ff ff ff 48 8d 15 83 ff ff
0x00007fff20485a7c:   ff 48 b9 20 00 e0 ff ff 7f 00 00 8b 09 81 e1 00
0x00007fff20485a8c:   00 00 60 81 f9 00 00 00 60 48 0f 44 c2 c3 90 90
0x00007fff20485a9c:   90 90 90 90 55 48 89 e5 48 31 c0 48 31 c9 48 83
0x00007fff20485aac:   fa 20 0f 82 1f 01 00 00 48 f7 c7 0f 00 00 00 74
0x00007fff20485abc:   1d 48 0f b6 07 4c 0f b6 06 4c 29 c0 0f 85 0a 01
0x00007fff20485acc:   00 00 48 ff c7 48 ff c6 48 83 ea 01 eb da 48 f7
0x00007fff20485adc:   c6 0f 00 00 00 0f 84 89 00 00 00 49 89 f1 49 f7
0x00007fff20485aec:   d9 49 81 e1 f0 0f 00 00 0f 84 3c 00 00 00 66 0f
0x00007fff20485afc:   1f 44 00 00 49 89 d2 4d 29 ca 76 68 66 0f 6f 04
0x00007fff20485b0c:   0f f3 0f 6f 0c 0e 66 0f 74 c1 66 0f d7 c0 3d ff 


Stack slot to memory mapping:
stack at sp + 0 slots: 0x000070000e3c5f90 is pointing into the stack for thread: 0x00007fd72f013000
stack at sp + 1 slots: 0x000000010b39ec4a: _ZN12outputStream12do_vsnprintfEPcmPKcP13__va_list_tagbRm+0x34 in /Applications/Android Studio.app/Contents/jre/Contents/Home/lib/server/libjvm.dylib at 0x000000010ad67000
stack at sp + 2 slots: 0x0 is NULL
stack at sp + 3 slots: 0x000070000e3c6960 is pointing into the stack for thread: 0x00007fd72f013000
stack at sp + 4 slots: 0x0 is NULL
stack at sp + 5 slots: 0x000070000e3c6960 is pointing into the stack for thread: 0x00007fd72f013000
stack at sp + 6 slots: 0x000070000e3c5fa8 is pointing into the stack for thread: 0x00007fd72f013000
stack at sp + 7 slots: {method} {0x000000012c3f3be8} 'hashCode' '([B)I' in 'java/lang/StringLatin1'


---------------  P R O C E S S  ---------------

Threads class SMR info:
_java_thread_list=0x00007fd72de0f370, length=8, elements={
0x00007fd72f008800, 0x00007fd7300cc000, 0x00007fd72e82c800, 0x00007fd73300a800,
0x00007fd732010000, 0x00007fd73300d800, 0x00007fd72f013000, 0x00007fd72f02a800
}

Java Threads: ( => current thread )
  0x00007fd72f008800 JavaThread "main" [_thread_in_vm, id=9987, stack(0x000070000d59d000,0x000070000d69d000)]
  0x00007fd7300cc000 JavaThread "Reference Handler" daemon [_thread_blocked, id=18179, stack(0x000070000dcb2000,0x000070000ddb2000)]
  0x00007fd72e82c800 JavaThread "Finalizer" daemon [_thread_blocked, id=14083, stack(0x000070000ddb5000,0x000070000deb5000)]
  0x00007fd73300a800 JavaThread "Signal Dispatcher" daemon [_thread_blocked, id=16643, stack(0x000070000dfbe000,0x000070000e0be000)]
  0x00007fd732010000 JavaThread "Service Thread" daemon [_thread_blocked, id=43267, stack(0x000070000e0c1000,0x000070000e1c1000)]
  0x00007fd73300d800 JavaThread "C2 CompilerThread0" daemon [_thread_blocked, id=22531, stack(0x000070000e1c4000,0x000070000e2c4000)]
=>0x00007fd72f013000 JavaThread "C1 CompilerThread0" daemon [_thread_in_vm, id=23043, stack(0x000070000e2c7000,0x000070000e3c7000)]
  0x00007fd72f02a800 JavaThread "Sweeper thread" daemon [_thread_blocked, id=42755, stack(0x000070000e3ca000,0x000070000e4ca000)]

Other Threads:
  0x00007fd72f012000 VMThread "VM Thread" [stack: 0x000070000dbaf000,0x000070000dcaf000] [id=18947]
  0x00007fd72e814800 GCTaskThread "GC Thread#0" [stack: 0x000070000d6a0000,0x000070000d7a0000] [id=11523]
  0x00007fd730037800 ConcurrentGCThread "G1 Main Marker" [stack: 0x000070000d7a3000,0x000070000d8a3000] [id=11779]
  0x00007fd730038000 ConcurrentGCThread "G1 Conc#0" [stack: 0x000070000d8a6000,0x000070000d9a6000] [id=12291]
  0x00007fd7300b9000 ConcurrentGCThread "G1 Refine#0" [stack: 0x000070000d9a9000,0x000070000daa9000] [id=19971]
  0x00007fd72e015800 ConcurrentGCThread "G1 Young RemSet Sampling" [stack: 0x000070000daac000,0x000070000dbac000] [id=19715]

Threads with active compile tasks:
C1 CompilerThread0    503    1       3       java.lang.StringLatin1::hashCode (42 bytes)

VM state:not at safepoint (normal execution)

VM Mutex/Monitor currently owned by a thread: None

Heap address: 0x0000000740000000, size: 3072 MB, Compressed Oops mode: Zero based, Oop shift amount: 3
Narrow klass base: 0x0000000800000000, Narrow klass shift: 0
Compressed class space size: 1073741824 Address: 0x0000000800000000

Heap:
 garbage-first heap   total 196608K, used 0K [0x0000000740000000, 0x0000000800000000)
  region size 1024K, 1 young (1024K), 0 survivors (0K)
 Metaspace       used 2796K, capacity 4480K, committed 4480K, reserved 1056768K
  class space    used 237K, capacity 384K, committed 384K, reserved 1048576K
Heap Regions: E=young(eden), S=young(survivor), O=old, HS=humongous(starts), HC=humongous(continues), CS=collection set, F=free, A=archive, TAMS=top-at-mark-start (previous, next)
|   0|0x0000000740000000, 0x0000000740000000, 0x0000000740100000|  0%| F|  |TAMS 0x0000000740000000, 0x0000000740000000| Untracked 
|   1|0x0000000740100000, 0x0000000740100000, 0x0000000740200000|  0%| F|  |TAMS 0x0000000740100000, 0x0000000740100000| Untracked 
|   2|0x0000000740200000, 0x0000000740200000, 0x0000000740300000|  0%| F|  |TAMS 0x0000000740200000, 0x0000000740200000| Untracked 
|   3|0x0000000740300000, 0x0000000740300000, 0x0000000740400000|  0%| F|  |TAMS 0x0000000740300000, 0x0000000740300000| Untracked 
|   4|0x0000000740400000, 0x0000000740400000, 0x0000000740500000|  0%| F|  |TAMS 0x0000000740400000, 0x0000000740400000| Untracked 
|   5|0x0000000740500000, 0x0000000740500000, 0x0000000740600000|  0%| F|  |TAMS 0x0000000740500000, 0x0000000740500000| Untracked 
|   6|0x0000000740600000, 0x0000000740600000, 0x0000000740700000|  0%| F|  |TAMS 0x0000000740600000, 0x0000000740600000| Untracked 
|   7|0x0000000740700000, 0x0000000740700000, 0x0000000740800000|  0%| F|  |TAMS 0x0000000740700000, 0x0000000740700000| Untracked 
|   8|0x0000000740800000, 0x0000000740800000, 0x0000000740900000|  0%| F|  |TAMS 0x0000000740800000, 0x0000000740800000| Untracked 
|   9|0x0000000740900000, 0x0000000740900000, 0x0000000740a00000|  0%| F|  |TAMS 0x0000000740900000, 0x0000000740900000| Untracked 
|  10|0x0000000740a00000, 0x0000000740a00000, 0x0000000740b00000|  0%| F|  |TAMS 0x0000000740a00000, 0x0000000740a00000| Untracked 
|  11|0x0000000740b00000, 0x0000000740b00000, 0x0000000740c00000|  0%| F|  |TAMS 0x0000000740b00000, 0x0000000740b00000| Untracked 
|  12|0x0000000740c00000, 0x0000000740c00000, 0x0000000740d00000|  0%| F|  |TAMS 0x0000000740c00000, 0x0000000740c00000| Untracked 
|  13|0x0000000740d00000, 0x0000000740d00000, 0x0000000740e00000|  0%| F|  |TAMS 0x0000000740d00000, 0x0000000740d00000| Untracked 
|  14|0x0000000740e00000, 0x0000000740e00000, 0x0000000740f00000|  0%| F|  |TAMS 0x0000000740e00000, 0x0000000740e00000| Untracked 
|  15|0x0000000740f00000, 0x0000000740f00000, 0x0000000741000000|  0%| F|  |TAMS 0x0000000740f00000, 0x0000000740f00000| Untracked 
|  16|0x0000000741000000, 0x0000000741000000, 0x0000000741100000|  0%| F|  |TAMS 0x0000000741000000, 0x0000000741000000| Untracked 
|  17|0x0000000741100000, 0x0000000741100000, 0x0000000741200000|  0%| F|  |TAMS 0x0000000741100000, 0x0000000741100000| Untracked 
|  18|0x0000000741200000, 0x0000000741200000, 0x0000000741300000|  0%| F|  |TAMS 0x0000000741200000, 0x0000000741200000| Untracked 
|  19|0x0000000741300000, 0x0000000741300000, 0x0000000741400000|  0%| F|  |TAMS 0x0000000741300000, 0x0000000741300000| Untracked 
|  20|0x0000000741400000, 0x0000000741400000, 0x0000000741500000|  0%| F|  |TAMS 0x0000000741400000, 0x0000000741400000| Untracked 
|  21|0x0000000741500000, 0x0000000741500000, 0x0000000741600000|  0%| F|  |TAMS 0x0000000741500000, 0x0000000741500000| Untracked 
|  22|0x0000000741600000, 0x0000000741600000, 0x0000000741700000|  0%| F|  |TAMS 0x0000000741600000, 0x0000000741600000| Untracked 
|  23|0x0000000741700000, 0x0000000741700000, 0x0000000741800000|  0%| F|  |TAMS 0x0000000741700000, 0x0000000741700000| Untracked 
|  24|0x0000000741800000, 0x0000000741800000, 0x0000000741900000|  0%| F|  |TAMS 0x0000000741800000, 0x0000000741800000| Untracked 
|  25|0x0000000741900000, 0x0000000741900000, 0x0000000741a00000|  0%| F|  |TAMS 0x0000000741900000, 0x0000000741900000| Untracked 
|  26|0x0000000741a00000, 0x0000000741a00000, 0x0000000741b00000|  0%| F|  |TAMS 0x0000000741a00000, 0x0000000741a00000| Untracked 
|  27|0x0000000741b00000, 0x0000000741b00000, 0x0000000741c00000|  0%| F|  |TAMS 0x0000000741b00000, 0x0000000741b00000| Untracked 
|  28|0x0000000741c00000, 0x0000000741c00000, 0x0000000741d00000|  0%| F|  |TAMS 0x0000000741c00000, 0x0000000741c00000| Untracked 
|  29|0x0000000741d00000, 0x0000000741d00000, 0x0000000741e00000|  0%| F|  |TAMS 0x0000000741d00000, 0x0000000741d00000| Untracked 
|  30|0x0000000741e00000, 0x0000000741e00000, 0x0000000741f00000|  0%| F|  |TAMS 0x0000000741e00000, 0x0000000741e00000| Untracked 
|  31|0x0000000741f00000, 0x0000000741f00000, 0x0000000742000000|  0%| F|  |TAMS 0x0000000741f00000, 0x0000000741f00000| Untracked 
|  32|0x0000000742000000, 0x0000000742000000, 0x0000000742100000|  0%| F|  |TAMS 0x0000000742000000, 0x0000000742000000| Untracked 
|  33|0x0000000742100000, 0x0000000742100000, 0x0000000742200000|  0%| F|  |TAMS 0x0000000742100000, 0x0000000742100000| Untracked 
|  34|0x0000000742200000, 0x0000000742200000, 0x0000000742300000|  0%| F|  |TAMS 0x0000000742200000, 0x0000000742200000| Untracked 
|  35|0x0000000742300000, 0x0000000742300000, 0x0000000742400000|  0%| F|  |TAMS 0x0000000742300000, 0x0000000742300000| Untracked 
|  36|0x0000000742400000, 0x0000000742400000, 0x0000000742500000|  0%| F|  |TAMS 0x0000000742400000, 0x0000000742400000| Untracked 
|  37|0x0000000742500000, 0x0000000742500000, 0x0000000742600000|  0%| F|  |TAMS 0x0000000742500000, 0x0000000742500000| Untracked 
|  38|0x0000000742600000, 0x0000000742600000, 0x0000000742700000|  0%| F|  |TAMS 0x0000000742600000, 0x0000000742600000| Untracked 
|  39|0x0000000742700000, 0x0000000742700000, 0x0000000742800000|  0%| F|  |TAMS 0x0000000742700000, 0x0000000742700000| Untracked 
|  40|0x0000000742800000, 0x0000000742800000, 0x0000000742900000|  0%| F|  |TAMS 0x0000000742800000, 0x0000000742800000| Untracked 
|  41|0x0000000742900000, 0x0000000742900000, 0x0000000742a00000|  0%| F|  |TAMS 0x0000000742900000, 0x0000000742900000| Untracked 
|  42|0x0000000742a00000, 0x0000000742a00000, 0x0000000742b00000|  0%| F|  |TAMS 0x0000000742a00000, 0x0000000742a00000| Untracked 
|  43|0x0000000742b00000, 0x0000000742b00000, 0x0000000742c00000|  0%| F|  |TAMS 0x0000000742b00000, 0x0000000742b00000| Untracked 
|  44|0x0000000742c00000, 0x0000000742c00000, 0x0000000742d00000|  0%| F|  |TAMS 0x0000000742c00000, 0x0000000742c00000| Untracked 
|  45|0x0000000742d00000, 0x0000000742d00000, 0x0000000742e00000|  0%| F|  |TAMS 0x0000000742d00000, 0x0000000742d00000| Untracked 
|  46|0x0000000742e00000, 0x0000000742e00000, 0x0000000742f00000|  0%| F|  |TAMS 0x0000000742e00000, 0x0000000742e00000| Untracked 
|  47|0x0000000742f00000, 0x0000000742f00000, 0x0000000743000000|  0%| F|  |TAMS 0x0000000742f00000, 0x0000000742f00000| Untracked 
|  48|0x0000000743000000, 0x0000000743000000, 0x0000000743100000|  0%| F|  |TAMS 0x0000000743000000, 0x0000000743000000| Untracked 
|  49|0x0000000743100000, 0x0000000743100000, 0x0000000743200000|  0%| F|  |TAMS 0x0000000743100000, 0x0000000743100000| Untracked 
|  50|0x0000000743200000, 0x0000000743200000, 0x0000000743300000|  0%| F|  |TAMS 0x0000000743200000, 0x0000000743200000| Untracked 
|  51|0x0000000743300000, 0x0000000743300000, 0x0000000743400000|  0%| F|  |TAMS 0x0000000743300000, 0x0000000743300000| Untracked 
|  52|0x0000000743400000, 0x0000000743400000, 0x0000000743500000|  0%| F|  |TAMS 0x0000000743400000, 0x0000000743400000| Untracked 
|  53|0x0000000743500000, 0x0000000743500000, 0x0000000743600000|  0%| F|  |TAMS 0x0000000743500000, 0x0000000743500000| Untracked 
|  54|0x0000000743600000, 0x0000000743600000, 0x0000000743700000|  0%| F|  |TAMS 0x0000000743600000, 0x0000000743600000| Untracked 
|  55|0x0000000743700000, 0x0000000743700000, 0x0000000743800000|  0%| F|  |TAMS 0x0000000743700000, 0x0000000743700000| Untracked 
|  56|0x0000000743800000, 0x0000000743800000, 0x0000000743900000|  0%| F|  |TAMS 0x0000000743800000, 0x0000000743800000| Untracked 
|  57|0x0000000743900000, 0x0000000743900000, 0x0000000743a00000|  0%| F|  |TAMS 0x0000000743900000, 0x0000000743900000| Untracked 
|  58|0x0000000743a00000, 0x0000000743a00000, 0x0000000743b00000|  0%| F|  |TAMS 0x0000000743a00000, 0x0000000743a00000| Untracked 
|  59|0x0000000743b00000, 0x0000000743b00000, 0x0000000743c00000|  0%| F|  |TAMS 0x0000000743b00000, 0x0000000743b00000| Untracked 
|  60|0x0000000743c00000, 0x0000000743c00000, 0x0000000743d00000|  0%| F|  |TAMS 0x0000000743c00000, 0x0000000743c00000| Untracked 
|  61|0x0000000743d00000, 0x0000000743d00000, 0x0000000743e00000|  0%| F|  |TAMS 0x0000000743d00000, 0x0000000743d00000| Untracked 
|  62|0x0000000743e00000, 0x0000000743e00000, 0x0000000743f00000|  0%| F|  |TAMS 0x0000000743e00000, 0x0000000743e00000| Untracked 
|  63|0x0000000743f00000, 0x0000000743f00000, 0x0000000744000000|  0%| F|  |TAMS 0x0000000743f00000, 0x0000000743f00000| Untracked 
|  64|0x0000000744000000, 0x0000000744000000, 0x0000000744100000|  0%| F|  |TAMS 0x0000000744000000, 0x0000000744000000| Untracked 
|  65|0x0000000744100000, 0x0000000744100000, 0x0000000744200000|  0%| F|  |TAMS 0x0000000744100000, 0x0000000744100000| Untracked 
|  66|0x0000000744200000, 0x0000000744200000, 0x0000000744300000|  0%| F|  |TAMS 0x0000000744200000, 0x0000000744200000| Untracked 
|  67|0x0000000744300000, 0x0000000744300000, 0x0000000744400000|  0%| F|  |TAMS 0x0000000744300000, 0x0000000744300000| Untracked 
|  68|0x0000000744400000, 0x0000000744400000, 0x0000000744500000|  0%| F|  |TAMS 0x0000000744400000, 0x0000000744400000| Untracked 
|  69|0x0000000744500000, 0x0000000744500000, 0x0000000744600000|  0%| F|  |TAMS 0x0000000744500000, 0x0000000744500000| Untracked 
|  70|0x0000000744600000, 0x0000000744600000, 0x0000000744700000|  0%| F|  |TAMS 0x0000000744600000, 0x0000000744600000| Untracked 
|  71|0x0000000744700000, 0x0000000744700000, 0x0000000744800000|  0%| F|  |TAMS 0x0000000744700000, 0x0000000744700000| Untracked 
|  72|0x0000000744800000, 0x0000000744800000, 0x0000000744900000|  0%| F|  |TAMS 0x0000000744800000, 0x0000000744800000| Untracked 
|  73|0x0000000744900000, 0x0000000744900000, 0x0000000744a00000|  0%| F|  |TAMS 0x0000000744900000, 0x0000000744900000| Untracked 
|  74|0x0000000744a00000, 0x0000000744a00000, 0x0000000744b00000|  0%| F|  |TAMS 0x0000000744a00000, 0x0000000744a00000| Untracked 
|  75|0x0000000744b00000, 0x0000000744b00000, 0x0000000744c00000|  0%| F|  |TAMS 0x0000000744b00000, 0x0000000744b00000| Untracked 
|  76|0x0000000744c00000, 0x0000000744c00000, 0x0000000744d00000|  0%| F|  |TAMS 0x0000000744c00000, 0x0000000744c00000| Untracked 
|  77|0x0000000744d00000, 0x0000000744d00000, 0x0000000744e00000|  0%| F|  |TAMS 0x0000000744d00000, 0x0000000744d00000| Untracked 
|  78|0x0000000744e00000, 0x0000000744e00000, 0x0000000744f00000|  0%| F|  |TAMS 0x0000000744e00000, 0x0000000744e00000| Untracked 
|  79|0x0000000744f00000, 0x0000000744f00000, 0x0000000745000000|  0%| F|  |TAMS 0x0000000744f00000, 0x0000000744f00000| Untracked 
|  80|0x0000000745000000, 0x0000000745000000, 0x0000000745100000|  0%| F|  |TAMS 0x0000000745000000, 0x0000000745000000| Untracked 
|  81|0x0000000745100000, 0x0000000745100000, 0x0000000745200000|  0%| F|  |TAMS 0x0000000745100000, 0x0000000745100000| Untracked 
|  82|0x0000000745200000, 0x0000000745200000, 0x0000000745300000|  0%| F|  |TAMS 0x0000000745200000, 0x0000000745200000| Untracked 
|  83|0x0000000745300000, 0x0000000745300000, 0x0000000745400000|  0%| F|  |TAMS 0x0000000745300000, 0x0000000745300000| Untracked 
|  84|0x0000000745400000, 0x0000000745400000, 0x0000000745500000|  0%| F|  |TAMS 0x0000000745400000, 0x0000000745400000| Untracked 
|  85|0x0000000745500000, 0x0000000745500000, 0x0000000745600000|  0%| F|  |TAMS 0x0000000745500000, 0x0000000745500000| Untracked 
|  86|0x0000000745600000, 0x0000000745600000, 0x0000000745700000|  0%| F|  |TAMS 0x0000000745600000, 0x0000000745600000| Untracked 
|  87|0x0000000745700000, 0x0000000745700000, 0x0000000745800000|  0%| F|  |TAMS 0x0000000745700000, 0x0000000745700000| Untracked 
|  88|0x0000000745800000, 0x0000000745800000, 0x0000000745900000|  0%| F|  |TAMS 0x0000000745800000, 0x0000000745800000| Untracked 
|  89|0x0000000745900000, 0x0000000745900000, 0x0000000745a00000|  0%| F|  |TAMS 0x0000000745900000, 0x0000000745900000| Untracked 
|  90|0x0000000745a00000, 0x0000000745a00000, 0x0000000745b00000|  0%| F|  |TAMS 0x0000000745a00000, 0x0000000745a00000| Untracked 
|  91|0x0000000745b00000, 0x0000000745b00000, 0x0000000745c00000|  0%| F|  |TAMS 0x0000000745b00000, 0x0000000745b00000| Untracked 
|  92|0x0000000745c00000, 0x0000000745c00000, 0x0000000745d00000|  0%| F|  |TAMS 0x0000000745c00000, 0x0000000745c00000| Untracked 
|  93|0x0000000745d00000, 0x0000000745d00000, 0x0000000745e00000|  0%| F|  |TAMS 0x0000000745d00000, 0x0000000745d00000| Untracked 
|  94|0x0000000745e00000, 0x0000000745e00000, 0x0000000745f00000|  0%| F|  |TAMS 0x0000000745e00000, 0x0000000745e00000| Untracked 
|  95|0x0000000745f00000, 0x0000000745f00000, 0x0000000746000000|  0%| F|  |TAMS 0x0000000745f00000, 0x0000000745f00000| Untracked 
|  96|0x0000000746000000, 0x0000000746000000, 0x0000000746100000|  0%| F|  |TAMS 0x0000000746000000, 0x0000000746000000| Untracked 
|  97|0x0000000746100000, 0x0000000746100000, 0x0000000746200000|  0%| F|  |TAMS 0x0000000746100000, 0x0000000746100000| Untracked 
|  98|0x0000000746200000, 0x0000000746200000, 0x0000000746300000|  0%| F|  |TAMS 0x0000000746200000, 0x0000000746200000| Untracked 
|  99|0x0000000746300000, 0x0000000746300000, 0x0000000746400000|  0%| F|  |TAMS 0x0000000746300000, 0x0000000746300000| Untracked 
| 100|0x0000000746400000, 0x0000000746400000, 0x0000000746500000|  0%| F|  |TAMS 0x0000000746400000, 0x0000000746400000| Untracked 
| 101|0x0000000746500000, 0x0000000746500000, 0x0000000746600000|  0%| F|  |TAMS 0x0000000746500000, 0x0000000746500000| Untracked 
| 102|0x0000000746600000, 0x0000000746600000, 0x0000000746700000|  0%| F|  |TAMS 0x0000000746600000, 0x0000000746600000| Untracked 
| 103|0x0000000746700000, 0x0000000746700000, 0x0000000746800000|  0%| F|  |TAMS 0x0000000746700000, 0x0000000746700000| Untracked 
| 104|0x0000000746800000, 0x0000000746800000, 0x0000000746900000|  0%| F|  |TAMS 0x0000000746800000, 0x0000000746800000| Untracked 
| 105|0x0000000746900000, 0x0000000746900000, 0x0000000746a00000|  0%| F|  |TAMS 0x0000000746900000, 0x0000000746900000| Untracked 
| 106|0x0000000746a00000, 0x0000000746a00000, 0x0000000746b00000|  0%| F|  |TAMS 0x0000000746a00000, 0x0000000746a00000| Untracked 
| 107|0x0000000746b00000, 0x0000000746b00000, 0x0000000746c00000|  0%| F|  |TAMS 0x0000000746b00000, 0x0000000746b00000| Untracked 
| 108|0x0000000746c00000, 0x0000000746c00000, 0x0000000746d00000|  0%| F|  |TAMS 0x0000000746c00000, 0x0000000746c00000| Untracked 
| 109|0x0000000746d00000, 0x0000000746d00000, 0x0000000746e00000|  0%| F|  |TAMS 0x0000000746d00000, 0x0000000746d00000| Untracked 
| 110|0x0000000746e00000, 0x0000000746e00000, 0x0000000746f00000|  0%| F|  |TAMS 0x0000000746e00000, 0x0000000746e00000| Untracked 
| 111|0x0000000746f00000, 0x0000000746f00000, 0x0000000747000000|  0%| F|  |TAMS 0x0000000746f00000, 0x0000000746f00000| Untracked 
| 112|0x0000000747000000, 0x0000000747000000, 0x0000000747100000|  0%| F|  |TAMS 0x0000000747000000, 0x0000000747000000| Untracked 
| 113|0x0000000747100000, 0x0000000747100000, 0x0000000747200000|  0%| F|  |TAMS 0x0000000747100000, 0x0000000747100000| Untracked 
| 114|0x0000000747200000, 0x0000000747200000, 0x0000000747300000|  0%| F|  |TAMS 0x0000000747200000, 0x0000000747200000| Untracked 
| 115|0x0000000747300000, 0x0000000747300000, 0x0000000747400000|  0%| F|  |TAMS 0x0000000747300000, 0x0000000747300000| Untracked 
| 116|0x0000000747400000, 0x0000000747400000, 0x0000000747500000|  0%| F|  |TAMS 0x0000000747400000, 0x0000000747400000| Untracked 
| 117|0x0000000747500000, 0x0000000747500000, 0x0000000747600000|  0%| F|  |TAMS 0x0000000747500000, 0x0000000747500000| Untracked 
| 118|0x0000000747600000, 0x0000000747600000, 0x0000000747700000|  0%| F|  |TAMS 0x0000000747600000, 0x0000000747600000| Untracked 
| 119|0x0000000747700000, 0x0000000747700000, 0x0000000747800000|  0%| F|  |TAMS 0x0000000747700000, 0x0000000747700000| Untracked 
| 120|0x0000000747800000, 0x0000000747800000, 0x0000000747900000|  0%| F|  |TAMS 0x0000000747800000, 0x0000000747800000| Untracked 
| 121|0x0000000747900000, 0x0000000747900000, 0x0000000747a00000|  0%| F|  |TAMS 0x0000000747900000, 0x0000000747900000| Untracked 
| 122|0x0000000747a00000, 0x0000000747a00000, 0x0000000747b00000|  0%| F|  |TAMS 0x0000000747a00000, 0x0000000747a00000| Untracked 
| 123|0x0000000747b00000, 0x0000000747b00000, 0x0000000747c00000|  0%| F|  |TAMS 0x0000000747b00000, 0x0000000747b00000| Untracked 
| 124|0x0000000747c00000, 0x0000000747c00000, 0x0000000747d00000|  0%| F|  |TAMS 0x0000000747c00000, 0x0000000747c00000| Untracked 
| 125|0x0000000747d00000, 0x0000000747d00000, 0x0000000747e00000|  0%| F|  |TAMS 0x0000000747d00000, 0x0000000747d00000| Untracked 
| 126|0x0000000747e00000, 0x0000000747e00000, 0x0000000747f00000|  0%| F|  |TAMS 0x0000000747e00000, 0x0000000747e00000| Untracked 
| 127|0x0000000747f00000, 0x0000000747f00000, 0x0000000748000000|  0%| F|  |TAMS 0x0000000747f00000, 0x0000000747f00000| Untracked 
| 128|0x0000000748000000, 0x0000000748000000, 0x0000000748100000|  0%| F|  |TAMS 0x0000000748000000, 0x0000000748000000| Untracked 
| 129|0x0000000748100000, 0x0000000748100000, 0x0000000748200000|  0%| F|  |TAMS 0x0000000748100000, 0x0000000748100000| Untracked 
| 130|0x0000000748200000, 0x0000000748200000, 0x0000000748300000|  0%| F|  |TAMS 0x0000000748200000, 0x0000000748200000| Untracked 
| 131|0x0000000748300000, 0x0000000748300000, 0x0000000748400000|  0%| F|  |TAMS 0x0000000748300000, 0x0000000748300000| Untracked 
| 132|0x0000000748400000, 0x0000000748400000, 0x0000000748500000|  0%| F|  |TAMS 0x0000000748400000, 0x0000000748400000| Untracked 
| 133|0x0000000748500000, 0x0000000748500000, 0x0000000748600000|  0%| F|  |TAMS 0x0000000748500000, 0x0000000748500000| Untracked 
| 134|0x0000000748600000, 0x0000000748600000, 0x0000000748700000|  0%| F|  |TAMS 0x0000000748600000, 0x0000000748600000| Untracked 
| 135|0x0000000748700000, 0x0000000748700000, 0x0000000748800000|  0%| F|  |TAMS 0x0000000748700000, 0x0000000748700000| Untracked 
| 136|0x0000000748800000, 0x0000000748800000, 0x0000000748900000|  0%| F|  |TAMS 0x0000000748800000, 0x0000000748800000| Untracked 
| 137|0x0000000748900000, 0x0000000748900000, 0x0000000748a00000|  0%| F|  |TAMS 0x0000000748900000, 0x0000000748900000| Untracked 
| 138|0x0000000748a00000, 0x0000000748a00000, 0x0000000748b00000|  0%| F|  |TAMS 0x0000000748a00000, 0x0000000748a00000| Untracked 
| 139|0x0000000748b00000, 0x0000000748b00000, 0x0000000748c00000|  0%| F|  |TAMS 0x0000000748b00000, 0x0000000748b00000| Untracked 
| 140|0x0000000748c00000, 0x0000000748c00000, 0x0000000748d00000|  0%| F|  |TAMS 0x0000000748c00000, 0x0000000748c00000| Untracked 
| 141|0x0000000748d00000, 0x0000000748d00000, 0x0000000748e00000|  0%| F|  |TAMS 0x0000000748d00000, 0x0000000748d00000| Untracked 
| 142|0x0000000748e00000, 0x0000000748e00000, 0x0000000748f00000|  0%| F|  |TAMS 0x0000000748e00000, 0x0000000748e00000| Untracked 
| 143|0x0000000748f00000, 0x0000000748f00000, 0x0000000749000000|  0%| F|  |TAMS 0x0000000748f00000, 0x0000000748f00000| Untracked 
| 144|0x0000000749000000, 0x0000000749000000, 0x0000000749100000|  0%| F|  |TAMS 0x0000000749000000, 0x0000000749000000| Untracked 
| 145|0x0000000749100000, 0x0000000749100000, 0x0000000749200000|  0%| F|  |TAMS 0x0000000749100000, 0x0000000749100000| Untracked 
| 146|0x0000000749200000, 0x0000000749200000, 0x0000000749300000|  0%| F|  |TAMS 0x0000000749200000, 0x0000000749200000| Untracked 
| 147|0x0000000749300000, 0x0000000749300000, 0x0000000749400000|  0%| F|  |TAMS 0x0000000749300000, 0x0000000749300000| Untracked 
| 148|0x0000000749400000, 0x0000000749400000, 0x0000000749500000|  0%| F|  |TAMS 0x0000000749400000, 0x0000000749400000| Untracked 
| 149|0x0000000749500000, 0x0000000749500000, 0x0000000749600000|  0%| F|  |TAMS 0x0000000749500000, 0x0000000749500000| Untracked 
| 150|0x0000000749600000, 0x0000000749600000, 0x0000000749700000|  0%| F|  |TAMS 0x0000000749600000, 0x0000000749600000| Untracked 
| 151|0x0000000749700000, 0x0000000749700000, 0x0000000749800000|  0%| F|  |TAMS 0x0000000749700000, 0x0000000749700000| Untracked 
| 152|0x0000000749800000, 0x0000000749800000, 0x0000000749900000|  0%| F|  |TAMS 0x0000000749800000, 0x0000000749800000| Untracked 
| 153|0x0000000749900000, 0x0000000749900000, 0x0000000749a00000|  0%| F|  |TAMS 0x0000000749900000, 0x0000000749900000| Untracked 
| 154|0x0000000749a00000, 0x0000000749a00000, 0x0000000749b00000|  0%| F|  |TAMS 0x0000000749a00000, 0x0000000749a00000| Untracked 
| 155|0x0000000749b00000, 0x0000000749b00000, 0x0000000749c00000|  0%| F|  |TAMS 0x0000000749b00000, 0x0000000749b00000| Untracked 
| 156|0x0000000749c00000, 0x0000000749c00000, 0x0000000749d00000|  0%| F|  |TAMS 0x0000000749c00000, 0x0000000749c00000| Untracked 
| 157|0x0000000749d00000, 0x0000000749d00000, 0x0000000749e00000|  0%| F|  |TAMS 0x0000000749d00000, 0x0000000749d00000| Untracked 
| 158|0x0000000749e00000, 0x0000000749e00000, 0x0000000749f00000|  0%| F|  |TAMS 0x0000000749e00000, 0x0000000749e00000| Untracked 
| 159|0x0000000749f00000, 0x0000000749f00000, 0x000000074a000000|  0%| F|  |TAMS 0x0000000749f00000, 0x0000000749f00000| Untracked 
| 160|0x000000074a000000, 0x000000074a000000, 0x000000074a100000|  0%| F|  |TAMS 0x000000074a000000, 0x000000074a000000| Untracked 
| 161|0x000000074a100000, 0x000000074a100000, 0x000000074a200000|  0%| F|  |TAMS 0x000000074a100000, 0x000000074a100000| Untracked 
| 162|0x000000074a200000, 0x000000074a200000, 0x000000074a300000|  0%| F|  |TAMS 0x000000074a200000, 0x000000074a200000| Untracked 
| 163|0x000000074a300000, 0x000000074a300000, 0x000000074a400000|  0%| F|  |TAMS 0x000000074a300000, 0x000000074a300000| Untracked 
| 164|0x000000074a400000, 0x000000074a400000, 0x000000074a500000|  0%| F|  |TAMS 0x000000074a400000, 0x000000074a400000| Untracked 
| 165|0x000000074a500000, 0x000000074a500000, 0x000000074a600000|  0%| F|  |TAMS 0x000000074a500000, 0x000000074a500000| Untracked 
| 166|0x000000074a600000, 0x000000074a600000, 0x000000074a700000|  0%| F|  |TAMS 0x000000074a600000, 0x000000074a600000| Untracked 
| 167|0x000000074a700000, 0x000000074a700000, 0x000000074a800000|  0%| F|  |TAMS 0x000000074a700000, 0x000000074a700000| Untracked 
| 168|0x000000074a800000, 0x000000074a800000, 0x000000074a900000|  0%| F|  |TAMS 0x000000074a800000, 0x000000074a800000| Untracked 
| 169|0x000000074a900000, 0x000000074a900000, 0x000000074aa00000|  0%| F|  |TAMS 0x000000074a900000, 0x000000074a900000| Untracked 
| 170|0x000000074aa00000, 0x000000074aa00000, 0x000000074ab00000|  0%| F|  |TAMS 0x000000074aa00000, 0x000000074aa00000| Untracked 
| 171|0x000000074ab00000, 0x000000074ab00000, 0x000000074ac00000|  0%| F|  |TAMS 0x000000074ab00000, 0x000000074ab00000| Untracked 
| 172|0x000000074ac00000, 0x000000074ac00000, 0x000000074ad00000|  0%| F|  |TAMS 0x000000074ac00000, 0x000000074ac00000| Untracked 
| 173|0x000000074ad00000, 0x000000074ad00000, 0x000000074ae00000|  0%| F|  |TAMS 0x000000074ad00000, 0x000000074ad00000| Untracked 
| 174|0x000000074ae00000, 0x000000074ae00000, 0x000000074af00000|  0%| F|  |TAMS 0x000000074ae00000, 0x000000074ae00000| Untracked 
| 175|0x000000074af00000, 0x000000074af00000, 0x000000074b000000|  0%| F|  |TAMS 0x000000074af00000, 0x000000074af00000| Untracked 
| 176|0x000000074b000000, 0x000000074b000000, 0x000000074b100000|  0%| F|  |TAMS 0x000000074b000000, 0x000000074b000000| Untracked 
| 177|0x000000074b100000, 0x000000074b100000, 0x000000074b200000|  0%| F|  |TAMS 0x000000074b100000, 0x000000074b100000| Untracked 
| 178|0x000000074b200000, 0x000000074b200000, 0x000000074b300000|  0%| F|  |TAMS 0x000000074b200000, 0x000000074b200000| Untracked 
| 179|0x000000074b300000, 0x000000074b300000, 0x000000074b400000|  0%| F|  |TAMS 0x000000074b300000, 0x000000074b300000| Untracked 
| 180|0x000000074b400000, 0x000000074b400000, 0x000000074b500000|  0%| F|  |TAMS 0x000000074b400000, 0x000000074b400000| Untracked 
| 181|0x000000074b500000, 0x000000074b500000, 0x000000074b600000|  0%| F|  |TAMS 0x000000074b500000, 0x000000074b500000| Untracked 
| 182|0x000000074b600000, 0x000000074b600000, 0x000000074b700000|  0%| F|  |TAMS 0x000000074b600000, 0x000000074b600000| Untracked 
| 183|0x000000074b700000, 0x000000074b700000, 0x000000074b800000|  0%| F|  |TAMS 0x000000074b700000, 0x000000074b700000| Untracked 
| 184|0x000000074b800000, 0x000000074b800000, 0x000000074b900000|  0%| F|  |TAMS 0x000000074b800000, 0x000000074b800000| Untracked 
| 185|0x000000074b900000, 0x000000074b900000, 0x000000074ba00000|  0%| F|  |TAMS 0x000000074b900000, 0x000000074b900000| Untracked 
| 186|0x000000074ba00000, 0x000000074ba00000, 0x000000074bb00000|  0%| F|  |TAMS 0x000000074ba00000, 0x000000074ba00000| Untracked 
| 187|0x000000074bb00000, 0x000000074bb00000, 0x000000074bc00000|  0%| F|  |TAMS 0x000000074bb00000, 0x000000074bb00000| Untracked 
| 188|0x000000074bc00000, 0x000000074bc00000, 0x000000074bd00000|  0%| F|  |TAMS 0x000000074bc00000, 0x000000074bc00000| Untracked 
| 189|0x000000074bd00000, 0x000000074bd00000, 0x000000074be00000|  0%| F|  |TAMS 0x000000074bd00000, 0x000000074bd00000| Untracked 
| 190|0x000000074be00000, 0x000000074be00000, 0x000000074bf00000|  0%| F|  |TAMS 0x000000074be00000, 0x000000074be00000| Untracked 
| 191|0x000000074bf00000, 0x000000074bff5cf0, 0x000000074c000000| 96%| E|  |TAMS 0x000000074bf00000, 0x000000074bf00000| Complete 

Card table byte_map: [0x000000010c7a5000,0x000000010cda5000] _byte_map_base: 0x0000000108da5000

Marking Bits (Prev, Next): (CMBitMap*) 0x00007fd73002aa18, (CMBitMap*) 0x00007fd73002aa50
 Prev Bits: [0x000000012429a000, 0x000000012729a000)
 Next Bits: [0x000000012729a000, 0x000000012a29a000)

Polling page: 0x000000010ad28000

Metaspace:

Usage:
  Non-class:      4.00 MB capacity,     2.63 MB ( 66%) used,     1.37 MB ( 34%) free+waste,    64 bytes ( <1%) overhead. 
      Class:    384.00 KB capacity,   252.45 KB ( 66%) used,   131.48 KB ( 34%) free+waste,    64 bytes ( <1%) overhead. 
       Both:      4.38 MB capacity,     2.88 MB ( 66%) used,     1.50 MB ( 34%) free+waste,   128 bytes ( <1%) overhead. 

Virtual space:
  Non-class space:        8.00 MB reserved,       4.00 MB ( 50%) committed 
      Class space:        1.00 GB reserved,     384.00 KB ( <1%) committed 
             Both:        1.01 GB reserved,       4.38 MB ( <1%) committed 

Chunk freelists:
   Non-Class:  0 bytes
       Class:  0 bytes
        Both:  0 bytes

MaxMetaspaceSize: unlimited
CompressedClassSpaceSize: 1.00 GB
Initial GC threshold: 20.80 MB
Current GC threshold: 20.80 MB
CDS: off

CodeHeap 'non-profiled nmethods': size=120032Kb used=1Kb max_used=1Kb free=120030Kb
 bounds [0x000000011cd62000, 0x000000011cfd2000, 0x000000012429a000]
CodeHeap 'profiled nmethods': size=120028Kb used=0Kb max_used=0Kb free=120028Kb
 bounds [0x000000011582b000, 0x0000000115a9b000, 0x000000011cd62000]
CodeHeap 'non-nmethods': size=5700Kb used=1009Kb max_used=1013Kb free=4690Kb
 bounds [0x000000011529a000, 0x000000011550a000, 0x000000011582b000]
 total_blobs=227 nmethods=1 adapters=141
 compilation: enabled
              stopped_count=0, restarted_count=0
 full_count=0

Compilation events (0 events):
No events

GC Heap History (0 events):
No events

Deoptimization events (0 events):
No events

Classes redefined (0 events):
No events

Internal exceptions (0 events):
No events

Events (20 events):
Event: 0.442 loading class java/util/LinkedHashMap done
Event: 0.442 loading class java/io/ExpiringCache$1 done
Event: 0.443 loading class java/lang/IllegalArgumentException
Event: 0.443 loading class java/lang/IllegalArgumentException done
Event: 0.444 Thread 0x00007fd73300a800 Thread added: 0x00007fd73300a800
Event: 0.444 Protecting memory [0x000070000dfbe000,0x000070000dfc2000] with protection modes 0
Event: 0.445 Thread 0x00007fd732010000 Thread added: 0x00007fd732010000
Event: 0.445 Protecting memory [0x000070000e0c1000,0x000070000e0c5000] with protection modes 0
Event: 0.445 Thread 0x00007fd73300d800 Thread added: 0x00007fd73300d800
Event: 0.445 Protecting memory [0x000070000e1c4000,0x000070000e1c8000] with protection modes 0
Event: 0.445 Thread 0x00007fd72f013000 Thread added: 0x00007fd72f013000
Event: 0.445 Protecting memory [0x000070000e2c7000,0x000070000e2cb000] with protection modes 0
Event: 0.445 Thread 0x00007fd72f02a800 Thread added: 0x00007fd72f02a800
Event: 0.445 Protecting memory [0x000070000e3ca000,0x000070000e3ce000] with protection modes 0
Event: 0.446 loading class java/lang/invoke/MethodHandleStatics
Event: 0.446 loading class java/lang/invoke/MethodHandleStatics done
Event: 0.446 loading class java/lang/CharacterData
Event: 0.446 loading class java/lang/CharacterData done
Event: 0.446 loading class java/lang/CharacterDataLatin1
Event: 0.447 loading class java/lang/CharacterDataLatin1 done


Dynamic libraries:
0x00007fff34f87000 	/System/Library/Frameworks/Cocoa.framework/Versions/A/Cocoa
0x00007fff222d1000 	/System/Library/Frameworks/Security.framework/Versions/A/Security
0x00007fff3318f000 	/System/Library/Frameworks/ApplicationServices.framework/Versions/A/ApplicationServices
0x000000010ad2a000 	/Applications/Android Studio.app/Contents/jre/Contents/Home/lib/jli/libjli.dylib
0x00007fff2a61b000 	/usr/lib/libSystem.B.dylib
0x00007fff22d02000 	/System/Library/Frameworks/AppKit.framework/Versions/C/AppKit
0x00007fff25bc6000 	/System/Library/Frameworks/CoreData.framework/Versions/A/CoreData
0x00007fff21269000 	/System/Library/Frameworks/Foundation.framework/Versions/C/Foundation
0x00007fff23a4e000 	/System/Library/PrivateFrameworks/UIFoundation.framework/Versions/A/UIFoundation
0x00007fff2fc49000 	/System/Library/PrivateFrameworks/RemoteViewServices.framework/Versions/A/RemoteViewServices
0x00007fff28a5f000 	/System/Library/PrivateFrameworks/XCTTargetBootstrap.framework/Versions/A/XCTTargetBootstrap
0x00007fff2b745000 	/usr/lib/libspindump.dylib
0x00007fff23c9d000 	/System/Library/Frameworks/UniformTypeIdentifiers.framework/Versions/A/UniformTypeIdentifiers
0x00007fff27263000 	/usr/lib/libapp_launch_measurement.dylib
0x00007fff27266000 	/System/Library/PrivateFrameworks/CoreAutoLayout.framework/Versions/A/CoreAutoLayout
0x00007fff283c6000 	/System/Library/Frameworks/Metal.framework/Versions/A/Metal
0x00007fff290bc000 	/usr/lib/liblangid.dylib
0x00007fff28a63000 	/System/Library/PrivateFrameworks/CoreSVG.framework/Versions/A/CoreSVG
0x00007fff24cdd000 	/System/Library/PrivateFrameworks/SkyLight.framework/Versions/A/SkyLight
0x00007fff25043000 	/System/Library/Frameworks/CoreGraphics.framework/Versions/A/CoreGraphics
0x00007fff30170000 	/System/Library/Frameworks/Accelerate.framework/Versions/A/Accelerate
0x00007fff2b183000 	/System/Library/PrivateFrameworks/IconServices.framework/Versions/A/IconServices
0x00007fff283aa000 	/System/Library/Frameworks/IOSurface.framework/Versions/A/IOSurface
0x00007fff2654e000 	/usr/lib/libDiagnosticMessagesClient.dylib
0x00007fff2a553000 	/usr/lib/libz.1.dylib
0x00007fff28a4b000 	/System/Library/PrivateFrameworks/DFRFoundation.framework/Versions/A/DFRFoundation
0x00007fff22629000 	/usr/lib/libicucore.A.dylib
0x00007fff2cc88000 	/System/Library/Frameworks/AudioToolbox.framework/Versions/A/AudioToolbox
0x00007fff2bf10000 	/System/Library/PrivateFrameworks/DataDetectorsCore.framework/Versions/A/DataDetectorsCore
0x00007fff24c50000 	/usr/lib/libMobileGestalt.dylib
0x00007fff2874f000 	/System/Library/Frameworks/Carbon.framework/Versions/A/Frameworks/HIToolbox.framework/Versions/A/HIToolbox
0x00007fff26ca8000 	/System/Library/Frameworks/QuartzCore.framework/Versions/A/QuartzCore
0x00007fff2fc81000 	/System/Library/Frameworks/Carbon.framework/Versions/A/Frameworks/SpeechRecognition.framework/Versions/A/SpeechRecognition
0x00007fff26fc8000 	/System/Library/PrivateFrameworks/CoreUI.framework/Versions/A/CoreUI
0x00007fff21c3f000 	/System/Library/Frameworks/CoreAudio.framework/Versions/A/CoreAudio
0x00007fff26639000 	/System/Library/Frameworks/DiskArbitration.framework/Versions/A/DiskArbitration
0x00007fff2bb13000 	/System/Library/PrivateFrameworks/MultitouchSupport.framework/Versions/A/MultitouchSupport
0x00007fff2bf07000 	/System/Library/PrivateFrameworks/InternationalSupport.framework/Versions/A/InternationalSupport
0x00007fff24c4f000 	/usr/lib/libenergytrace.dylib
0x00007fff22bf9000 	/System/Library/Frameworks/IOKit.framework/Versions/A/IOKit
0x00007fff2ffb4000 	/System/Library/Frameworks/CoreServices.framework/Versions/A/CoreServices
0x00007fff271f5000 	/System/Library/PrivateFrameworks/PerformanceAnalysis.framework/Versions/A/PerformanceAnalysis
0x00007fff6bb21000 	/System/Library/Frameworks/OpenGL.framework/Versions/A/OpenGL
0x00007fff2bf8b000 	/System/Library/PrivateFrameworks/UserActivity.framework/Versions/A/UserActivity
0x00007fff202da000 	/usr/lib/libobjc.A.dylib
0x00007fff256cd000 	/System/Library/Frameworks/ColorSync.framework/Versions/A/ColorSync
0x00007fff204ba000 	/System/Library/Frameworks/CoreFoundation.framework/Versions/A/CoreFoundation
0x00007fff28cca000 	/System/Library/Frameworks/CoreImage.framework/Versions/A/CoreImage
0x00007fff21a59000 	/System/Library/Frameworks/CoreText.framework/Versions/A/CoreText
0x00007fff28a8d000 	/System/Library/Frameworks/ImageIO.framework/Versions/A/ImageIO
0x00007fff2a621000 	/System/Library/PrivateFrameworks/SoftLinking.framework/Versions/A/SoftLinking
0x00007fff272ae000 	/usr/lib/libxml2.2.dylib
0x00007fff203a0000 	/usr/lib/libc++.1.dylib
0x00007fff2a892000 	/usr/lib/libcompression.dylib
0x00007fff2be39000 	/System/Library/PrivateFrameworks/TextureIO.framework/Versions/A/TextureIO
0x00007fff2aec1000 	/usr/lib/libate.dylib
0x00007fff2a615000 	/usr/lib/system/libcache.dylib
0x00007fff2a5d1000 	/usr/lib/system/libcommonCrypto.dylib
0x00007fff2a5fb000 	/usr/lib/system/libcompiler_rt.dylib
0x00007fff2a5f0000 	/usr/lib/system/libcopyfile.dylib
0x00007fff201ca000 	/usr/lib/system/libcorecrypto.dylib
0x00007fff20295000 	/usr/lib/system/libdispatch.dylib
0x00007fff20448000 	/usr/lib/system/libdyld.dylib
0x00007fff2a60c000 	/usr/lib/system/libkeymgr.dylib
0x00007fff2da1f000 	/usr/lib/system/liblaunch.dylib
0x00007fff2a5af000 	/usr/lib/system/libmacho.dylib
0x00007fff29da7000 	/usr/lib/system/libquarantine.dylib
0x00007fff2a609000 	/usr/lib/system/libremovefile.dylib
0x00007fff24cad000 	/usr/lib/system/libsystem_asl.dylib
0x00007fff2017a000 	/usr/lib/system/libsystem_blocks.dylib
0x00007fff20317000 	/usr/lib/system/libsystem_c.dylib
0x00007fff2a603000 	/usr/lib/system/libsystem_collections.dylib
0x00007fff290ad000 	/usr/lib/system/libsystem_configuration.dylib
0x00007fff28399000 	/usr/lib/system/libsystem_containermanager.dylib
0x00007fff2a352000 	/usr/lib/system/libsystem_coreservices.dylib
0x00007fff22889000 	/usr/lib/system/libsystem_darwin.dylib
0x00007fff2a60d000 	/usr/lib/system/libsystem_dnssd.dylib
0x00007fff20314000 	/usr/lib/system/libsystem_featureflags.dylib
0x00007fff2048e000 	/usr/lib/system/libsystem_info.dylib
0x00007fff2a566000 	/usr/lib/system/libsystem_m.dylib
0x00007fff20268000 	/usr/lib/system/libsystem_malloc.dylib
0x00007fff24c40000 	/usr/lib/system/libsystem_networkextension.dylib
0x00007fff22ca8000 	/usr/lib/system/libsystem_notify.dylib
0x00007fff2feb6000 	/usr/lib/system/libsystem_product_info_filter.dylib
0x00007fff290b1000 	/usr/lib/system/libsystem_sandbox.dylib
0x00007fff2a606000 	/usr/lib/system/libsystem_secinit.dylib
0x00007fff2040c000 	/usr/lib/system/libsystem_kernel.dylib
0x00007fff20484000 	/usr/lib/system/libsystem_platform.dylib
0x00007fff2043c000 	/usr/lib/system/libsystem_pthread.dylib
0x00007fff2638a000 	/usr/lib/system/libsystem_symptoms.dylib
0x00007fff201b2000 	/usr/lib/system/libsystem_trace.dylib
0x00007fff2a5dd000 	/usr/lib/system/libunwind.dylib
0x00007fff2017c000 	/usr/lib/system/libxpc.dylib
0x00007fff203f6000 	/usr/lib/libc++abi.dylib
0x00007fff2a5e8000 	/usr/lib/liboah.dylib
0x00007fff2aca6000 	/usr/lib/liblzma.5.dylib
0x00007fff20f7d000 	/System/Library/Frameworks/SystemConfiguration.framework/Versions/A/SystemConfiguration
0x00007fff2a61d000 	/usr/lib/libfakelink.dylib
0x00007fff247a1000 	/System/Library/Frameworks/CFNetwork.framework/Versions/A/CFNetwork
0x00007fff2a75d000 	/usr/lib/libarchive.2.dylib
0x00007fff20ffb000 	/usr/lib/libCRFSuite.dylib
0x00007fff29dce000 	/usr/lib/libbsm.0.dylib
0x00007fff2411a000 	/usr/lib/libnetwork.dylib
0x00007fff2a622000 	/usr/lib/libpcap.A.dylib
0x00007fff26383000 	/usr/lib/libdns_services.dylib
0x00007fff2acbf000 	/usr/lib/libcoretls_cfhelpers.dylib
0x00007fff2a85c000 	/usr/lib/libapple_nghttp2.dylib
0x00007fff2a5b5000 	/usr/lib/system/libkxld.dylib
0x00007fff25ffc000 	/usr/lib/libsqlite3.dylib
0x00007fff2a335000 	/System/Library/PrivateFrameworks/AppleFSCompression.framework/Versions/A/AppleFSCompression
0x00007fff29db6000 	/usr/lib/libcoretls.dylib
0x00007fff2a88d000 	/usr/lib/libpam.2.dylib
0x00007fff2adbd000 	/usr/lib/libxar.1.dylib
0x00007fff290b8000 	/System/Library/PrivateFrameworks/AppleSystemInfo.framework/Versions/A/AppleSystemInfo
0x00007fff299f8000 	/System/Library/PrivateFrameworks/IOMobileFramebuffer.framework/Versions/A/IOMobileFramebuffer
0x00007fff2a345000 	/usr/lib/libbz2.1.0.dylib
0x00007fff2a65a000 	/usr/lib/libiconv.2.dylib
0x00007fff2a5ae000 	/usr/lib/libcharset.1.dylib
0x00007fff27231000 	/System/Library/Frameworks/CoreServices.framework/Versions/A/Frameworks/FSEvents.framework/Versions/A/FSEvents
0x00007fff22893000 	/System/Library/Frameworks/CoreServices.framework/Versions/A/Frameworks/CarbonCore.framework/Versions/A/CarbonCore
0x00007fff2659e000 	/System/Library/Frameworks/CoreServices.framework/Versions/A/Frameworks/Metadata.framework/Versions/A/Metadata
0x00007fff2a357000 	/System/Library/Frameworks/CoreServices.framework/Versions/A/Frameworks/OSServices.framework/Versions/A/OSServices
0x00007fff2a7cf000 	/System/Library/Frameworks/CoreServices.framework/Versions/A/Frameworks/SearchKit.framework/Versions/A/SearchKit
0x00007fff2630e000 	/System/Library/Frameworks/CoreServices.framework/Versions/A/Frameworks/AE.framework/Versions/A/AE
0x00007fff20958000 	/System/Library/Frameworks/CoreServices.framework/Versions/A/Frameworks/LaunchServices.framework/Versions/A/LaunchServices
0x00007fff2ac56000 	/System/Library/Frameworks/CoreServices.framework/Versions/A/Frameworks/DictionaryServices.framework/Versions/A/DictionaryServices
0x00007fff2723e000 	/System/Library/Frameworks/CoreServices.framework/Versions/A/Frameworks/SharedFileList.framework/Versions/A/SharedFileList
0x00007fff29daa000 	/usr/lib/libCheckFix.dylib
0x00007fff24cc4000 	/System/Library/PrivateFrameworks/TCC.framework/Versions/A/TCC
0x00007fff290be000 	/System/Library/PrivateFrameworks/CoreNLP.framework/Versions/A/CoreNLP
0x00007fff26551000 	/System/Library/PrivateFrameworks/MetadataUtilities.framework/Versions/A/MetadataUtilities
0x00007fff21030000 	/usr/lib/libmecabra.dylib
0x00007fff2a0b4000 	/System/Library/Frameworks/MLCompute.framework/Versions/A/MLCompute
0x00007fff29ddf000 	/usr/lib/libmecab.dylib
0x00007fff29e29000 	/usr/lib/libgermantok.dylib
0x00007fff2a837000 	/usr/lib/libThaiTokenizer.dylib
0x00007fff2adf8000 	/usr/lib/libChineseTokenizer.dylib
0x00007fff2a88b000 	/System/Library/Frameworks/MetalPerformanceShaders.framework/Versions/A/MetalPerformanceShaders
0x00007fff26640000 	/System/Library/Frameworks/Accelerate.framework/Versions/A/Frameworks/vImage.framework/Versions/A/vImage
0x00007fff2ff8e000 	/System/Library/Frameworks/Accelerate.framework/Versions/A/Frameworks/vecLib.framework/Versions/A/vecLib
0x00007fff2ae03000 	/System/Library/Frameworks/Accelerate.framework/Versions/A/Frameworks/vecLib.framework/Versions/A/libvMisc.dylib
0x00007fff29813000 	/System/Library/Frameworks/Accelerate.framework/Versions/A/Frameworks/vecLib.framework/Versions/A/libvDSP.dylib
0x00007fff20c63000 	/System/Library/Frameworks/Accelerate.framework/Versions/A/Frameworks/vecLib.framework/Versions/A/libBLAS.dylib
0x00007fff2a8b8000 	/System/Library/Frameworks/Accelerate.framework/Versions/A/Frameworks/vecLib.framework/Versions/A/libLAPACK.dylib
0x00007fff29e2f000 	/System/Library/Frameworks/Accelerate.framework/Versions/A/Frameworks/vecLib.framework/Versions/A/libLinearAlgebra.dylib
0x00007fff2a874000 	/System/Library/Frameworks/Accelerate.framework/Versions/A/Frameworks/vecLib.framework/Versions/A/libSparseBLAS.dylib
0x00007fff2a8b2000 	/System/Library/Frameworks/Accelerate.framework/Versions/A/Frameworks/vecLib.framework/Versions/A/libQuadrature.dylib
0x00007fff2916a000 	/System/Library/Frameworks/Accelerate.framework/Versions/A/Frameworks/vecLib.framework/Versions/A/libBNNS.dylib
0x00007fff20f0e000 	/System/Library/Frameworks/Accelerate.framework/Versions/A/Frameworks/vecLib.framework/Versions/A/libSparse.dylib
0x00007fff29046000 	/System/Library/Frameworks/MetalPerformanceShaders.framework/Versions/A/Frameworks/MPSCore.framework/Versions/A/MPSCore
0x00007fff2a2a4000 	/System/Library/Frameworks/MetalPerformanceShaders.framework/Versions/A/Frameworks/MPSImage.framework/Versions/A/MPSImage
0x00007fff29e45000 	/System/Library/Frameworks/MetalPerformanceShaders.framework/Versions/A/Frameworks/MPSNeuralNetwork.framework/Versions/A/MPSNeuralNetwork
0x00007fff2a216000 	/System/Library/Frameworks/MetalPerformanceShaders.framework/Versions/A/Frameworks/MPSMatrix.framework/Versions/A/MPSMatrix
0x00007fff2a064000 	/System/Library/Frameworks/MetalPerformanceShaders.framework/Versions/A/Frameworks/MPSRayIntersector.framework/Versions/A/MPSRayIntersector
0x00007fff2a24d000 	/System/Library/Frameworks/MetalPerformanceShaders.framework/Versions/A/Frameworks/MPSNDArray.framework/Versions/A/MPSNDArray
0x00007fff20b8e000 	/System/Library/PrivateFrameworks/MetalTools.framework/Versions/A/MetalTools
0x00007fff290b6000 	/System/Library/PrivateFrameworks/AggregateDictionary.framework/Versions/A/AggregateDictionary
0x00007fff2651e000 	/System/Library/PrivateFrameworks/CoreAnalytics.framework/Versions/A/CoreAnalytics
0x00007fff2a839000 	/System/Library/PrivateFrameworks/AppleSauce.framework/Versions/A/AppleSauce
0x00007fff283bc000 	/System/Library/PrivateFrameworks/IOAccelerator.framework/Versions/A/IOAccelerator
0x00007fff6bb15000 	/System/Library/Frameworks/OpenGL.framework/Versions/A/Libraries/libCoreFSCache.dylib
0x00007fff215c8000 	/System/Library/PrivateFrameworks/LanguageModeling.framework/Versions/A/LanguageModeling
0x00007fff299e6000 	/System/Library/PrivateFrameworks/CoreEmoji.framework/Versions/A/CoreEmoji
0x00007fff29163000 	/System/Library/PrivateFrameworks/LinguisticData.framework/Versions/A/LinguisticData
0x00007fff20ec0000 	/System/Library/PrivateFrameworks/Lexicon.framework/Versions/A/Lexicon
0x00007fff2a74b000 	/usr/lib/libcmph.dylib
0x00007fff27211000 	/System/Library/Frameworks/OpenDirectory.framework/Versions/A/Frameworks/CFOpenDirectory.framework/Versions/A/CFOpenDirectory
0x00007fff27201000 	/System/Library/Frameworks/OpenDirectory.framework/Versions/A/OpenDirectory
0x00007fff2acc1000 	/System/Library/PrivateFrameworks/APFS.framework/Versions/A/APFS
0x00007fff29d0c000 	/System/Library/Frameworks/SecurityFoundation.framework/Versions/A/SecurityFoundation
0x00007fff2adcb000 	/usr/lib/libutil.dylib
0x00007fff22bbe000 	/System/Library/PrivateFrameworks/CoreServicesStore.framework/Versions/A/CoreServicesStore
0x00007fff29da2000 	/System/Library/Frameworks/ServiceManagement.framework/Versions/A/ServiceManagement
0x00007fff2adcf000 	/usr/lib/libxslt.1.dylib
0x00007fff29d98000 	/System/Library/PrivateFrameworks/BackgroundTaskManagement.framework/Versions/A/BackgroundTaskManagement
0x00007fff2bd83000 	/System/Library/Frameworks/ImageIO.framework/Versions/A/Resources/libRadiance.dylib
0x00007fff2bd8d000 	/System/Library/Frameworks/ImageIO.framework/Versions/A/Resources/libJPEG.dylib
0x00007fff2bcdd000 	/System/Library/Frameworks/ImageIO.framework/Versions/A/Resources/libPng.dylib
0x00007fff2bcfe000 	/System/Library/Frameworks/ImageIO.framework/Versions/A/Resources/libTIFF.dylib
0x00007fff2bde2000 	/System/Library/Frameworks/ImageIO.framework/Versions/A/Resources/libGIF.dylib
0x00007fff2ba2f000 	/System/Library/Frameworks/ImageIO.framework/Versions/A/Resources/libJP2.dylib
0x00007fff2b14a000 	/usr/lib/libexpat.1.dylib
0x00007fff2b9e5000 	/System/Library/PrivateFrameworks/AppleJPEG.framework/Versions/A/AppleJPEG
0x00007fff285f2000 	/System/Library/PrivateFrameworks/FontServices.framework/libFontParser.dylib
0x00007fff262c5000 	/System/Library/PrivateFrameworks/RunningBoardServices.framework/Versions/A/RunningBoardServices
0x00007fff2bb0f000 	/System/Library/PrivateFrameworks/WatchdogClient.framework/Versions/A/WatchdogClient
0x00007fff216b1000 	/System/Library/Frameworks/CoreDisplay.framework/Versions/A/CoreDisplay
0x00007fff28507000 	/System/Library/Frameworks/CoreMedia.framework/Versions/A/CoreMedia
0x00007fff27391000 	/System/Library/Frameworks/CoreVideo.framework/Versions/A/CoreVideo
0x00007fff2bb4a000 	/System/Library/Frameworks/VideoToolbox.framework/Versions/A/VideoToolbox
0x00007fff26245000 	/System/Library/PrivateFrameworks/BaseBoard.framework/Versions/A/BaseBoard
0x00007fff2b28f000 	/System/Library/PrivateFrameworks/PersistentConnection.framework/Versions/A/PersistentConnection
0x00007fff25fe6000 	/System/Library/PrivateFrameworks/ProtocolBuffer.framework/Versions/A/ProtocolBuffer
0x00007fff2622d000 	/System/Library/PrivateFrameworks/CommonUtilities.framework/Versions/A/CommonUtilities
0x00007fff2b9a8000 	/System/Library/PrivateFrameworks/Bom.framework/Versions/A/Bom
0x00007fff2bd7b000 	/System/Library/PrivateFrameworks/GPUWrangler.framework/Versions/A/GPUWrangler
0x00007fff2bd5e000 	/System/Library/PrivateFrameworks/IOPresentment.framework/Versions/A/IOPresentment
0x00007fff2bd87000 	/System/Library/PrivateFrameworks/DSExternalDisplay.framework/Versions/A/DSExternalDisplay
0x00007fff2bde7000 	/System/Library/PrivateFrameworks/CMCaptureCore.framework/Versions/A/CMCaptureCore
0x00007fff2b72b000 	/System/Library/PrivateFrameworks/AppServerSupport.framework/Versions/A/AppServerSupport
0x00007fff2d7c2000 	/System/Library/PrivateFrameworks/perfdata.framework/Versions/A/perfdata
0x00007fff29cfb000 	/System/Library/PrivateFrameworks/AssertionServices.framework/Versions/A/AssertionServices
0x00007fff217e8000 	/System/Library/PrivateFrameworks/AudioToolboxCore.framework/Versions/A/AudioToolboxCore
0x00007fff284ea000 	/System/Library/PrivateFrameworks/caulk.framework/Versions/A/caulk
0x00007fff3cc6e000 	/System/Library/PrivateFrameworks/SystemPolicy.framework/Versions/A/SystemPolicy
0x00007fff2af59000 	/usr/lib/libIOReport.dylib
0x00007fff2cffe000 	/usr/lib/libSMC.dylib
0x00007fff2bca9000 	/usr/lib/libAudioToolboxUtility.dylib
0x00007fff3d5cb000 	/usr/lib/libmis.dylib
0x00007fff6bb71000 	/System/Library/Frameworks/OpenGL.framework/Versions/A/Libraries/libGLU.dylib
0x00007fff6bb34000 	/System/Library/Frameworks/OpenGL.framework/Versions/A/Libraries/libGFXShared.dylib
0x00007fff6bd42000 	/System/Library/Frameworks/OpenGL.framework/Versions/A/Libraries/libGL.dylib
0x00007fff6bb3d000 	/System/Library/Frameworks/OpenGL.framework/Versions/A/Libraries/libGLImage.dylib
0x00007fff6bb31000 	/System/Library/Frameworks/OpenGL.framework/Versions/A/Libraries/libCVMSPluginSupport.dylib
0x00007fff6bb1c000 	/System/Library/Frameworks/OpenGL.framework/Versions/A/Libraries/libCoreVMClient.dylib
0x00007fff6d18c000 	/System/Library/Frameworks/OpenCL.framework/Versions/A/OpenCL
0x00007fff2b2b8000 	/System/Library/PrivateFrameworks/GraphVisualizer.framework/Versions/A/GraphVisualizer
0x00007fff2b2c7000 	/System/Library/PrivateFrameworks/FaceCore.framework/Versions/A/FaceCore
0x00007fff2b6e3000 	/System/Library/PrivateFrameworks/OTSVG.framework/Versions/A/OTSVG
0x00007fff26f86000 	/System/Library/Frameworks/ApplicationServices.framework/Versions/A/Frameworks/ATS.framework/Versions/A/Resources/libFontRegistry.dylib
0x00007fff2b732000 	/System/Library/PrivateFrameworks/FontServices.framework/libhvf.dylib
0x00007fff2b0f6000 	/System/Library/PrivateFrameworks/AppleVA.framework/Versions/A/AppleVA
0x00007fff2ce46000 	/System/Library/Frameworks/ApplicationServices.framework/Versions/A/Frameworks/ATS.framework/Versions/A/ATS
0x00007fff2d159000 	/System/Library/Frameworks/ApplicationServices.framework/Versions/A/Frameworks/ColorSyncLegacy.framework/Versions/A/ColorSyncLegacy
0x00007fff257c4000 	/System/Library/Frameworks/ApplicationServices.framework/Versions/A/Frameworks/HIServices.framework/Versions/A/HIServices
0x00007fff2d13e000 	/System/Library/Frameworks/ApplicationServices.framework/Versions/A/Frameworks/LangAnalysis.framework/Versions/A/LangAnalysis
0x00007fff2bdf1000 	/System/Library/Frameworks/ApplicationServices.framework/Versions/A/Frameworks/PrintCore.framework/Versions/A/PrintCore
0x00007fff2d161000 	/System/Library/Frameworks/ApplicationServices.framework/Versions/A/Frameworks/QD.framework/Versions/A/QD
0x00007fff2ce36000 	/System/Library/Frameworks/ApplicationServices.framework/Versions/A/Frameworks/SpeechSynthesis.framework/Versions/A/SpeechSynthesis
0x00007fff2bdb2000 	/System/Library/Frameworks/ApplicationServices.framework/Versions/A/Frameworks/ATSUI.framework/Versions/A/ATSUI
0x00007fff2d0de000 	/usr/lib/libcups.2.dylib
0x00007fff2d14e000 	/System/Library/PrivateFrameworks/NetAuth.framework/Versions/A/NetAuth
0x00007fff2d7dd000 	/System/Library/Frameworks/Kerberos.framework/Versions/A/Kerberos
0x00007fff2d7ed000 	/System/Library/Frameworks/GSS.framework/Versions/A/GSS
0x00007fff2ceb3000 	/usr/lib/libresolv.9.dylib
0x00007fff2b748000 	/System/Library/PrivateFrameworks/Heimdal.framework/Versions/A/Heimdal
0x00007fff334a4000 	/System/Library/Frameworks/Kerberos.framework/Versions/A/Libraries/libHeimdalProxy.dylib
0x00007fff26392000 	/System/Library/Frameworks/Network.framework/Versions/A/Network
0x00007fff2b164000 	/usr/lib/libheimdal-asn1.dylib
0x00007fff2d83e000 	/System/Library/PrivateFrameworks/CommonAuth.framework/Versions/A/CommonAuth
0x00007fff273df000 	/System/Library/PrivateFrameworks/login.framework/Versions/A/Frameworks/loginsupport.framework/Versions/A/loginsupport
0x00007fff2cdbd000 	/System/Library/PrivateFrameworks/AudioSession.framework/Versions/A/AudioSession
0x00007fff2ce23000 	/usr/lib/libAudioStatistics.dylib
0x00007fff2b1f0000 	/System/Library/PrivateFrameworks/MediaExperience.framework/Versions/A/MediaExperience
0x00007fff2cc56000 	/System/Library/PrivateFrameworks/AudioSession.framework/libSessionUtility.dylib
0x00007fff2d7ce000 	/usr/lib/libperfcheck.dylib
0x00007fff2d16d000 	/System/Library/PrivateFrameworks/AudioResourceArbitration.framework/Versions/A/AudioResourceArbitration
0x00007fff2b16e000 	/System/Library/PrivateFrameworks/IconFoundation.framework/Versions/A/IconFoundation
0x00007fff2fc71000 	/System/Library/PrivateFrameworks/SpeechRecognitionCore.framework/Versions/A/SpeechRecognitionCore
0x000000010ad67000 	/Applications/Android Studio.app/Contents/jre/Contents/Home/lib/server/libjvm.dylib
0x000000010beef000 	/Applications/Android Studio.app/Contents/jre/Contents/Home/lib/libverify.dylib
0x000000010bf03000 	/Applications/Android Studio.app/Contents/jre/Contents/Home/lib/libjava.dylib
0x000000010bf3f000 	/Applications/Android Studio.app/Contents/jre/Contents/Home/lib/libjimage.dylib
0x000000010bf9b000 	/Applications/Android Studio.app/Contents/jre/Contents/Home/lib/libzip.dylib


VM Arguments:
java_command: <unknown>
java_class_path (initial): <not set>
Launcher Type: SUN_STANDARD

[Global flags]
     intx CICompilerCount                          = 4                                         {product} {ergonomic}
     uint ConcGCThreads                            = 2                                         {product} {ergonomic}
     uint G1ConcRefinementThreads                  = 8                                         {product} {ergonomic}
   size_t G1HeapRegionSize                         = 1048576                                   {product} {ergonomic}
    uintx GCDrainStackTargetSize                   = 64                                        {product} {ergonomic}
   size_t InitialHeapSize                          = 201326592                                 {product} {ergonomic}
   size_t MarkStackSize                            = 4194304                                   {product} {ergonomic}
   size_t MaxHeapSize                              = 3221225472                                {product} {ergonomic}
   size_t MaxNewSize                               = 1932525568                                {product} {ergonomic}
   size_t MinHeapDeltaBytes                        = 1048576                                   {product} {ergonomic}
    uintx NonNMethodCodeHeapSize                   = 5836300                                {pd product} {ergonomic}
    uintx NonProfiledCodeHeapSize                  = 122910970                              {pd product} {ergonomic}
    uintx ProfiledCodeHeapSize                     = 122910970                              {pd product} {ergonomic}
    uintx ReservedCodeCacheSize                    = 251658240                              {pd product} {ergonomic}
     bool SegmentedCodeCache                       = true                                      {product} {ergonomic}
     bool UseCompressedClassPointers               = true                                 {lp64_product} {ergonomic}
     bool UseCompressedOops                        = true                                 {lp64_product} {ergonomic}
     bool UseG1GC                                  = true                                      {product} {ergonomic}

Logging:
Log output configuration:
 #0: stdout all=warning uptime,level,tags
 #1: stderr all=off uptime,level,tags

Environment Variables:
PATH=/Users/omarabushanab/.rvm/gems/ruby-2.6.6/bin:/Users/omarabushanab/.rvm/gems/ruby-2.6.6@global/bin:/Users/omarabushanab/.rvm/rubies/ruby-2.6.6/bin:/usr/local/bin:/usr/bin:/bin:/usr/sbin:/sbin:/Library/Apple/usr/bin:/Users/omarabushanab/Developer/flutter/bin:/Users/omarabushanab/.rvm/bin
SHELL=/bin/zsh

Signal Handlers:
SIGSEGV: [libjvm.dylib+0x7cd3b8], sa_mask[0]=11111111011111110111111111111111, sa_flags=SA_ONSTACK|SA_RESTART|SA_SIGINFO
SIGBUS: [libjvm.dylib+0x7cd3b8], sa_mask[0]=11111111011111110111111111111111, sa_flags=SA_RESTART|SA_SIGINFO
SIGFPE: [libjvm.dylib+0x7cd3b8], sa_mask[0]=11111111011111110111111111111111, sa_flags=SA_RESTART|SA_SIGINFO
SIGPIPE: [libjvm.dylib+0x63118d], sa_mask[0]=11111111011111110111111111111111, sa_flags=SA_RESTART|SA_SIGINFO
SIGXFSZ: [libjvm.dylib+0x63118d], sa_mask[0]=11111111011111110111111111111111, sa_flags=SA_RESTART|SA_SIGINFO
SIGILL: [libjvm.dylib+0x7cd3b8], sa_mask[0]=11111111011111110111111111111111, sa_flags=SA_RESTART|SA_SIGINFO
SIGUSR2: [libjvm.dylib+0x63176c], sa_mask[0]=00000000000000000000010000000000, sa_flags=SA_RESTART|SA_SIGINFO
SIGHUP: [libjvm.dylib+0x6302bf], sa_mask[0]=11111111011111110111111111111111, sa_flags=SA_RESTART|SA_SIGINFO
SIGINT: [libjvm.dylib+0x6302bf], sa_mask[0]=11111111011111110111111111111111, sa_flags=SA_RESTART|SA_SIGINFO
SIGTERM: [libjvm.dylib+0x6302bf], sa_mask[0]=11111111011111110111111111111111, sa_flags=SA_RESTART|SA_SIGINFO
SIGQUIT: [libjvm.dylib+0x6302bf], sa_mask[0]=11111111011111110111111111111111, sa_flags=SA_RESTART|SA_SIGINFO


---------------  S Y S T E M  ---------------

OS:uname:Darwin 20.6.0 Darwin Kernel Version 20.6.0: Tue Oct 12 18:33:42 PDT 2021; root:xnu-7195.141.8~1/RELEASE_X86_64 x86_64
OS uptime: 0 days 0:02 hours
rlimit (soft/hard): STACK 8192k/65532k , CORE 0k/infinity , NPROC 2088/3132 , NOFILE 10240/infinity , AS infinity/infinity , CPU infinity/infinity , DATA infinity/infinity , FSIZE infinity/infinity , MEMLOCK infinity/infinity , RSS infinity/infinity
load average:7.20 3.92 1.66

CPU:total 8 (initial active 8) (4 cores per cpu, 2 threads per core) family 6 model 142 stepping 10 microcode 0xc6, cmov, cx8, fxsr, mmx, sse, sse2, sse3, ssse3, sse4.1, sse4.2, popcnt, avx, avx2, aes, clmul, erms, 3dnowpref, lzcnt, ht, tsc, tscinvbit, bmi1, bmi2, adx, fma

Memory: 4k page, physical 12582912k(491168k free), swap 0k(0k free)

vm_info: OpenJDK 64-Bit Server VM (11.0.12+0-b1504.28-7817840) for bsd-amd64 JRE (11.0.12+0-b1504.28-7817840), built on Oct 13 2021 14:46:07 by "builder" with gcc Android (7284624, based on r416183b) Clang 12.0.5 (https://android.googlesource.com/toolchain/llvm-project c935d99d7cf2016289302412d708641d52d2f7ee)

END.
